c:\users\vasil\documents\visual studio 2013\projects\assignmentproject\gameengine\debug\vc120.pdb
c:\users\vasil\documents\visual studio 2013\projects\assignmentproject\gameengine\debug\vc120.idb
c:\users\vasil\documents\visual studio 2013\projects\assignmentproject\gameengine\debug\debugrenderer.obj
c:\users\vasil\documents\visual studio 2013\projects\assignmentproject\gameengine\debug\gameengineerrors.obj
c:\users\vasil\documents\visual studio 2013\projects\assignmentproject\gameengine\debug\gameengine.obj
c:\users\vasil\documents\visual studio 2013\projects\assignmentproject\gameengine\debug\glslprogram.obj
c:\users\vasil\documents\visual studio 2013\projects\assignmentproject\gameengine\debug\gui.obj
c:\users\vasil\documents\visual studio 2013\projects\assignmentproject\gameengine\debug\imageloader.obj
c:\users\vasil\documents\visual studio 2013\projects\assignmentproject\gameengine\debug\imaingame.obj
c:\users\vasil\documents\visual studio 2013\projects\assignmentproject\gameengine\debug\inputmanager.obj
c:\users\vasil\documents\visual studio 2013\projects\assignmentproject\gameengine\debug\iomanager.obj
c:\users\vasil\documents\visual studio 2013\projects\assignmentproject\gameengine\debug\particlebatch2d.obj
c:\users\vasil\documents\visual studio 2013\projects\assignmentproject\gameengine\debug\particleengine2d.obj
c:\users\vasil\documents\visual studio 2013\projects\assignmentproject\gameengine\debug\picopng.obj
c:\users\vasil\documents\visual studio 2013\projects\assignmentproject\gameengine\debug\resourcemanager.obj
c:\users\vasil\documents\visual studio 2013\projects\assignmentproject\gameengine\debug\screenlist.obj
c:\users\vasil\documents\visual studio 2013\projects\assignmentproject\gameengine\debug\sprite.obj
c:\users\vasil\documents\visual studio 2013\projects\assignmentproject\gameengine\debug\spritebatch.obj
c:\users\vasil\documents\visual studio 2013\projects\assignmentproject\gameengine\debug\spritefont.obj
c:\users\vasil\documents\visual studio 2013\projects\assignmentproject\gameengine\debug\texturecache.obj
c:\users\vasil\documents\visual studio 2013\projects\assignmentproject\gameengine\debug\timing.obj
c:\users\vasil\documents\visual studio 2013\projects\assignmentproject\gameengine\debug\window.obj
c:\users\vasil\documents\visual studio 2013\projects\assignmentproject\gameengine\debug\audioengine.obj
c:\users\vasil\documents\visual studio 2013\projects\assignmentproject\gameengine\debug\camera2d.obj
c:\users\vasil\documents\visual studio 2013\projects\assignmentproject\debug\gameengine.lib
c:\users\vasil\documents\visual studio 2013\projects\assignmentproject\gameengine\debug\gameengine.tlog\cl.command.1.tlog
c:\users\vasil\documents\visual studio 2013\projects\assignmentproject\gameengine\debug\gameengine.tlog\cl.read.1.tlog
c:\users\vasil\documents\visual studio 2013\projects\assignmentproject\gameengine\debug\gameengine.tlog\cl.write.1.tlog
c:\users\vasil\documents\visual studio 2013\projects\assignmentproject\gameengine\debug\gameengine.tlog\lib-link.read.1.tlog
c:\users\vasil\documents\visual studio 2013\projects\assignmentproject\gameengine\debug\gameengine.tlog\lib-link.write.1.tlog
c:\users\vasil\documents\visual studio 2013\projects\assignmentproject\gameengine\debug\gameengine.tlog\lib.command.1.tlog
