22/10/2016 14:28:16 (Std) 	+-+-+-+-+-+-+-+-+-+-+-+-+-+-+-+-+-+-+-+-+-+-+-+-+-+-+-+-+-+-+-+-+-+-+-+-+-+-+-+
22/10/2016 14:28:16 (Std) 	+                     Crazy Eddie's GUI System - Event log                    +
22/10/2016 14:28:16 (Std) 	+                          (http://www.cegui.org.uk/)                         +
22/10/2016 14:28:16 (Std) 	+-+-+-+-+-+-+-+-+-+-+-+-+-+-+-+-+-+-+-+-+-+-+-+-+-+-+-+-+-+-+-+-+-+-+-+-+-+-+-+

22/10/2016 14:28:16 (Std) 	CEGUI::Logger singleton created. (05494DE8)
22/10/2016 14:28:16 (Std) 	
22/10/2016 14:28:16 (Std) 	********************************************************************************
22/10/2016 14:28:16 (Std) 	* Important:                                                                   *
22/10/2016 14:28:16 (Std) 	*     To get support at the CEGUI forums, you must post _at least_ the section *
22/10/2016 14:28:16 (Std) 	*     of this log file indicated below.  Failure to do this will result in no  *
22/10/2016 14:28:16 (Std) 	*     support being given; please do not waste our time.                       *
22/10/2016 14:28:16 (Std) 	********************************************************************************
22/10/2016 14:28:16 (Std) 	********************************************************************************
22/10/2016 14:28:16 (Std) 	* -------- START OF ESSENTIAL SECTION TO BE POSTED ON THE FORUM       -------- *
22/10/2016 14:28:16 (Std) 	********************************************************************************
22/10/2016 14:28:16 (Std) 	---- Version: 0.8.7 (Build: Sep 27 2016 Microsoft Windows MSVC++ 14.0 (2015) 32 bit) ----
22/10/2016 14:28:16 (Std) 	---- Renderer module is: CEGUI::OpenGL3Renderer - Official OpenGL 3.2 core based renderer module.  TextureTarget support enabled via FBO OGL 3.2 core implementation. ----
22/10/2016 14:28:16 (Std) 	---- XML Parser module is: CEGUI::ExpatParser - Official expat based parser module for CEGUI ----
22/10/2016 14:28:16 (Std) 	---- Image Codec module is: SILLYImageCodec - Official SILLY based image codec ----
22/10/2016 14:28:16 (Std) 	---- Scripting module is: None ----
22/10/2016 14:28:16 (Std) 	********************************************************************************
22/10/2016 14:28:16 (Std) 	* -------- END OF ESSENTIAL SECTION TO BE POSTED ON THE FORUM         -------- *
22/10/2016 14:28:16 (Std) 	********************************************************************************
22/10/2016 14:28:16 (Std) 	
22/10/2016 14:28:16 (Std) 	---- Begining CEGUI System initialisation ----
22/10/2016 14:28:16 (Std) 	[CEGUI::ImageManager] Singleton created (03ED26A8)
22/10/2016 14:28:16 (Std) 	[CEGUI::ImageManager] Registered Image type: BasicImage
22/10/2016 14:28:16 (Std) 	CEGUI::FontManager singleton created. (06C8A240)
22/10/2016 14:28:16 (Std) 	CEGUI::WindowFactoryManager singleton created
22/10/2016 14:28:16 (Std) 	CEGUI::WindowManager singleton created (00512530)
22/10/2016 14:28:16 (Std) 	CEGUI::SchemeManager singleton created. (06C75758)
22/10/2016 14:28:16 (Std) 	CEGUI::GlobalEventSet singleton created. (03EDA020)
22/10/2016 14:28:16 (Std) 	CEGUI::AnimationManager singleton created (05495A00)
22/10/2016 14:28:16 (Std) 	CEGUI::WidgetLookManager singleton created. (0552EB60)
22/10/2016 14:28:16 (Std) 	CEGUI::WindowRendererManager singleton created (0552EB30)
22/10/2016 14:28:16 (Std) 	CEGUI::RenderEffectManager singleton created (03EDA0C0)
22/10/2016 14:28:16 (Std) 	Created WindowFactory for 'DefaultWindow' windows.
22/10/2016 14:28:16 (Std) 	WindowFactory for 'DefaultWindow' windows added. (0544EAE0)
22/10/2016 14:28:16 (Std) 	Created WindowFactory for 'DragContainer' windows.
22/10/2016 14:28:16 (Std) 	WindowFactory for 'DragContainer' windows added. (0544E6F0)
22/10/2016 14:28:16 (Std) 	Created WindowFactory for 'ScrolledContainer' windows.
22/10/2016 14:28:16 (Std) 	WindowFactory for 'ScrolledContainer' windows added. (0544E840)
22/10/2016 14:28:16 (Std) 	Created WindowFactory for 'ClippedContainer' windows.
22/10/2016 14:28:16 (Std) 	WindowFactory for 'ClippedContainer' windows added. (0544E8E8)
22/10/2016 14:28:16 (Std) 	Created WindowFactory for 'CEGUI/PushButton' windows.
22/10/2016 14:28:16 (Std) 	WindowFactory for 'CEGUI/PushButton' windows added. (0544ED80)
22/10/2016 14:28:16 (Std) 	Created WindowFactory for 'CEGUI/RadioButton' windows.
22/10/2016 14:28:16 (Std) 	WindowFactory for 'CEGUI/RadioButton' windows added. (0544E450)
22/10/2016 14:28:16 (Std) 	Created WindowFactory for 'CEGUI/Combobox' windows.
22/10/2016 14:28:16 (Std) 	WindowFactory for 'CEGUI/Combobox' windows added. (0544E4F8)
22/10/2016 14:28:16 (Std) 	Created WindowFactory for 'CEGUI/ComboDropList' windows.
22/10/2016 14:28:16 (Std) 	WindowFactory for 'CEGUI/ComboDropList' windows added. (0544E5A0)
22/10/2016 14:28:16 (Std) 	Created WindowFactory for 'CEGUI/Editbox' windows.
22/10/2016 14:28:16 (Std) 	WindowFactory for 'CEGUI/Editbox' windows added. (0544EC30)
22/10/2016 14:28:16 (Std) 	Created WindowFactory for 'CEGUI/FrameWindow' windows.
22/10/2016 14:28:16 (Std) 	WindowFactory for 'CEGUI/FrameWindow' windows added. (0544E648)
22/10/2016 14:28:16 (Std) 	Created WindowFactory for 'CEGUI/ItemEntry' windows.
22/10/2016 14:28:16 (Std) 	WindowFactory for 'CEGUI/ItemEntry' windows added. (0544E990)
22/10/2016 14:28:16 (Std) 	Created WindowFactory for 'CEGUI/Listbox' windows.
22/10/2016 14:28:16 (Std) 	WindowFactory for 'CEGUI/Listbox' windows added. (0544ECD8)
22/10/2016 14:28:16 (Std) 	Created WindowFactory for 'CEGUI/ListHeader' windows.
22/10/2016 14:28:16 (Std) 	WindowFactory for 'CEGUI/ListHeader' windows added. (0544EA38)
22/10/2016 14:28:16 (Std) 	Created WindowFactory for 'CEGUI/ListHeaderSegment' windows.
22/10/2016 14:28:16 (Std) 	WindowFactory for 'CEGUI/ListHeaderSegment' windows added. (004AE190)
22/10/2016 14:28:16 (Std) 	Created WindowFactory for 'CEGUI/Menubar' windows.
22/10/2016 14:28:16 (Std) 	WindowFactory for 'CEGUI/Menubar' windows added. (06C77B00)
22/10/2016 14:28:16 (Std) 	Created WindowFactory for 'CEGUI/PopupMenu' windows.
22/10/2016 14:28:16 (Std) 	WindowFactory for 'CEGUI/PopupMenu' windows added. (06C77128)
22/10/2016 14:28:16 (Std) 	Created WindowFactory for 'CEGUI/MenuItem' windows.
22/10/2016 14:28:16 (Std) 	WindowFactory for 'CEGUI/MenuItem' windows added. (06C77320)
22/10/2016 14:28:16 (Std) 	Created WindowFactory for 'CEGUI/MultiColumnList' windows.
22/10/2016 14:28:16 (Std) 	WindowFactory for 'CEGUI/MultiColumnList' windows added. (06C773C8)
22/10/2016 14:28:16 (Std) 	Created WindowFactory for 'CEGUI/MultiLineEditbox' windows.
22/10/2016 14:28:16 (Std) 	WindowFactory for 'CEGUI/MultiLineEditbox' windows added. (06C77F98)
22/10/2016 14:28:16 (Std) 	Created WindowFactory for 'CEGUI/ProgressBar' windows.
22/10/2016 14:28:16 (Std) 	WindowFactory for 'CEGUI/ProgressBar' windows added. (06C77278)
22/10/2016 14:28:16 (Std) 	Created WindowFactory for 'CEGUI/ScrollablePane' windows.
22/10/2016 14:28:16 (Std) 	WindowFactory for 'CEGUI/ScrollablePane' windows added. (06C78040)
22/10/2016 14:28:16 (Std) 	Created WindowFactory for 'CEGUI/Scrollbar' windows.
22/10/2016 14:28:16 (Std) 	WindowFactory for 'CEGUI/Scrollbar' windows added. (06C771D0)
22/10/2016 14:28:16 (Std) 	Created WindowFactory for 'CEGUI/Slider' windows.
22/10/2016 14:28:16 (Std) 	WindowFactory for 'CEGUI/Slider' windows added. (06C775C0)
22/10/2016 14:28:16 (Std) 	Created WindowFactory for 'CEGUI/Spinner' windows.
22/10/2016 14:28:16 (Std) 	WindowFactory for 'CEGUI/Spinner' windows added. (06C77470)
22/10/2016 14:28:16 (Std) 	Created WindowFactory for 'CEGUI/TabButton' windows.
22/10/2016 14:28:16 (Std) 	WindowFactory for 'CEGUI/TabButton' windows added. (06C77518)
22/10/2016 14:28:16 (Std) 	Created WindowFactory for 'CEGUI/TabControl' windows.
22/10/2016 14:28:16 (Std) 	WindowFactory for 'CEGUI/TabControl' windows added. (06C77080)
22/10/2016 14:28:16 (Std) 	Created WindowFactory for 'CEGUI/Thumb' windows.
22/10/2016 14:28:16 (Std) 	WindowFactory for 'CEGUI/Thumb' windows added. (06C77710)
22/10/2016 14:28:16 (Std) 	Created WindowFactory for 'CEGUI/Titlebar' windows.
22/10/2016 14:28:16 (Std) 	WindowFactory for 'CEGUI/Titlebar' windows added. (06C77BA8)
22/10/2016 14:28:16 (Std) 	Created WindowFactory for 'CEGUI/ToggleButton' windows.
22/10/2016 14:28:16 (Std) 	WindowFactory for 'CEGUI/ToggleButton' windows added. (06C76FD8)
22/10/2016 14:28:16 (Std) 	Created WindowFactory for 'CEGUI/Tooltip' windows.
22/10/2016 14:28:16 (Std) 	WindowFactory for 'CEGUI/Tooltip' windows added. (06C77860)
22/10/2016 14:28:16 (Std) 	Created WindowFactory for 'CEGUI/ItemListbox' windows.
22/10/2016 14:28:16 (Std) 	WindowFactory for 'CEGUI/ItemListbox' windows added. (06C77908)
22/10/2016 14:28:16 (Std) 	Created WindowFactory for 'CEGUI/GroupBox' windows.
22/10/2016 14:28:16 (Std) 	WindowFactory for 'CEGUI/GroupBox' windows added. (06C777B8)
22/10/2016 14:28:16 (Std) 	Created WindowFactory for 'CEGUI/Tree' windows.
22/10/2016 14:28:16 (Std) 	WindowFactory for 'CEGUI/Tree' windows added. (06C779B0)
22/10/2016 14:28:16 (Std) 	Created WindowFactory for 'LayoutCell' windows.
22/10/2016 14:28:16 (Std) 	WindowFactory for 'LayoutCell' windows added. (06C77668)
22/10/2016 14:28:16 (Std) 	Created WindowFactory for 'HorizontalLayoutContainer' windows.
22/10/2016 14:28:16 (Std) 	WindowFactory for 'HorizontalLayoutContainer' windows added. (06C77A58)
22/10/2016 14:28:16 (Std) 	Created WindowFactory for 'VerticalLayoutContainer' windows.
22/10/2016 14:28:16 (Std) 	WindowFactory for 'VerticalLayoutContainer' windows added. (06C76BE8)
22/10/2016 14:28:16 (Std) 	Created WindowFactory for 'GridLayoutContainer' windows.
22/10/2016 14:28:16 (Std) 	WindowFactory for 'GridLayoutContainer' windows added. (06C77C50)
22/10/2016 14:28:16 (Std) 	CEGUI::System singleton created. (05486F08)
22/10/2016 14:28:16 (Std) 	---- CEGUI System initialisation completed ----
22/10/2016 14:28:16 (Std) 	
22/10/2016 14:28:16 (Std) 	Started creation of Scheme from XML specification:
22/10/2016 14:28:16 (Std) 	---- CEGUI GUIScheme name: TaharezLook
22/10/2016 14:28:16 (Std) 	[ImageManager] Started creation of Imageset from XML specification:
22/10/2016 14:28:16 (Std) 	[ImageManager] ---- CEGUI Imageset name: TaharezLook
22/10/2016 14:28:16 (Std) 	[ImageManager] ---- Source texture file: TaharezLook.png
22/10/2016 14:28:16 (Std) 	[ImageManager] ---- Source texture resource group: (Default)
22/10/2016 14:28:16 (Std) 	[OpenGLRenderer] Created texture: TaharezLook
22/10/2016 14:28:16 (Std) 	[ImageManager] Created image: 'TaharezLook/ClientBrush' (06C7F5E8) of type: BasicImage
22/10/2016 14:28:16 (Std) 	[ImageManager] Created image: 'TaharezLook/GenericBrush' (054712B8) of type: BasicImage
22/10/2016 14:28:16 (Std) 	[ImageManager] Created image: 'TaharezLook/WindowLeftEdge' (054713A8) of type: BasicImage
22/10/2016 14:28:16 (Std) 	[ImageManager] Created image: 'TaharezLook/WindowRightEdge' (0547C598) of type: BasicImage
22/10/2016 14:28:16 (Std) 	[ImageManager] Created image: 'TaharezLook/WindowTopEdge' (0547C688) of type: BasicImage
22/10/2016 14:28:16 (Std) 	[ImageManager] Created image: 'TaharezLook/WindowBottomEdge' (0547C778) of type: BasicImage
22/10/2016 14:28:16 (Std) 	[ImageManager] Created image: 'TaharezLook/WindowTopLeft' (0547C868) of type: BasicImage
22/10/2016 14:28:16 (Std) 	[ImageManager] Created image: 'TaharezLook/WindowTopRight' (03F04808) of type: BasicImage
22/10/2016 14:28:16 (Std) 	[ImageManager] Created image: 'TaharezLook/WindowBottomLeft' (03F00D70) of type: BasicImage
22/10/2016 14:28:16 (Std) 	[ImageManager] Created image: 'TaharezLook/WindowBottomRight' (03F01220) of type: BasicImage
22/10/2016 14:28:16 (Std) 	[ImageManager] Created image: 'TaharezLook/ButtonLeftNormal' (03F00E60) of type: BasicImage
22/10/2016 14:28:16 (Std) 	[ImageManager] Created image: 'TaharezLook/ButtonMiddleNormal' (03F008C0) of type: BasicImage
22/10/2016 14:28:16 (Std) 	[ImageManager] Created image: 'TaharezLook/ButtonRightNormal' (03F01310) of type: BasicImage
22/10/2016 14:28:16 (Std) 	[ImageManager] Created image: 'TaharezLook/ButtonLeftPushed' (03F007D0) of type: BasicImage
22/10/2016 14:28:16 (Std) 	[ImageManager] Created image: 'TaharezLook/ButtonMiddlePushed' (03F00C80) of type: BasicImage
22/10/2016 14:28:16 (Std) 	[ImageManager] Created image: 'TaharezLook/ButtonRightPushed' (03F009B0) of type: BasicImage
22/10/2016 14:28:16 (Std) 	[ImageManager] Created image: 'TaharezLook/ButtonLeftHighlight' (03F01130) of type: BasicImage
22/10/2016 14:28:16 (Std) 	[ImageManager] Created image: 'TaharezLook/ButtonMiddleHighlight' (03F00AA0) of type: BasicImage
22/10/2016 14:28:16 (Std) 	[ImageManager] Created image: 'TaharezLook/ButtonRightHighlight' (03F00B90) of type: BasicImage
22/10/2016 14:28:16 (Std) 	[ImageManager] Created image: 'TaharezLook/CheckboxNormal' (03F006E0) of type: BasicImage
22/10/2016 14:28:16 (Std) 	[ImageManager] Created image: 'TaharezLook/CheckboxHover' (03F00F50) of type: BasicImage
22/10/2016 14:28:16 (Std) 	[ImageManager] Created image: 'TaharezLook/CheckboxMark' (03F01400) of type: BasicImage
22/10/2016 14:28:16 (Std) 	[ImageManager] Created image: 'TaharezLook/RadioButtonNormal' (03F01040) of type: BasicImage
22/10/2016 14:28:16 (Std) 	[ImageManager] Created image: 'TaharezLook/RadioButtonHover' (03F014F0) of type: BasicImage
22/10/2016 14:28:16 (Std) 	[ImageManager] Created image: 'TaharezLook/RadioButtonMark' (00591C98) of type: BasicImage
22/10/2016 14:28:16 (Std) 	[ImageManager] Created image: 'TaharezLook/TitlebarLeft' (00591D88) of type: BasicImage
22/10/2016 14:28:16 (Std) 	[ImageManager] Created image: 'TaharezLook/TitlebarMiddle' (00590E88) of type: BasicImage
22/10/2016 14:28:16 (Std) 	[ImageManager] Created image: 'TaharezLook/TitlebarRight' (00591F68) of type: BasicImage
22/10/2016 14:28:16 (Std) 	[ImageManager] Created image: 'TaharezLook/NewTitlebarLeft' (005918D8) of type: BasicImage
22/10/2016 14:28:16 (Std) 	[ImageManager] Created image: 'TaharezLook/NewTitlebarMiddle' (005917E8) of type: BasicImage
22/10/2016 14:28:16 (Std) 	[ImageManager] Created image: 'TaharezLook/NewTitlebarRight' (005916F8) of type: BasicImage
22/10/2016 14:28:16 (Std) 	[ImageManager] Created image: 'TaharezLook/SysAreaMiddle' (00592238) of type: BasicImage
22/10/2016 14:28:16 (Std) 	[ImageManager] Created image: 'TaharezLook/SysAreaRight' (00591158) of type: BasicImage
22/10/2016 14:28:16 (Std) 	[ImageManager] Created image: 'TaharezLook/StaticLeft' (00592058) of type: BasicImage
22/10/2016 14:28:16 (Std) 	[ImageManager] Created image: 'TaharezLook/StaticRight' (00592328) of type: BasicImage
22/10/2016 14:28:16 (Std) 	[ImageManager] Created image: 'TaharezLook/StaticTop' (00592418) of type: BasicImage
22/10/2016 14:28:16 (Std) 	[ImageManager] Created image: 'TaharezLook/StaticBottom' (005927D8) of type: BasicImage
22/10/2016 14:28:16 (Std) 	[ImageManager] Created image: 'TaharezLook/StaticTopLeft' (00591428) of type: BasicImage
22/10/2016 14:28:16 (Std) 	[ImageManager] Created image: 'TaharezLook/StaticTopRight' (00592148) of type: BasicImage
22/10/2016 14:28:16 (Std) 	[ImageManager] Created image: 'TaharezLook/StaticBottomLeft' (00592508) of type: BasicImage
22/10/2016 14:28:16 (Std) 	[ImageManager] Created image: 'TaharezLook/StaticBottomRight' (005926E8) of type: BasicImage
22/10/2016 14:28:16 (Std) 	[ImageManager] Created image: 'TaharezLook/StaticBackdrop' (005925F8) of type: BasicImage
22/10/2016 14:28:16 (Std) 	[ImageManager] Created image: 'TaharezLook/ProgressBarLeft' (005919C8) of type: BasicImage
22/10/2016 14:28:16 (Std) 	[ImageManager] Created image: 'TaharezLook/ProgressBarMiddle' (00591E78) of type: BasicImage
22/10/2016 14:28:16 (Std) 	[ImageManager] Created image: 'TaharezLook/ProgressBarRight' (00592B98) of type: BasicImage
22/10/2016 14:28:16 (Std) 	[ImageManager] Created image: 'TaharezLook/ProgressBarDimSegment' (00591338) of type: BasicImage
22/10/2016 14:28:16 (Std) 	[ImageManager] Created image: 'TaharezLook/ProgressBarLitSegment' (00592AA8) of type: BasicImage
22/10/2016 14:28:16 (Std) 	[ImageManager] Created image: 'TaharezLook/EditBoxLeft' (00591248) of type: BasicImage
22/10/2016 14:28:16 (Std) 	[ImageManager] Created image: 'TaharezLook/EditBoxMiddle' (005928C8) of type: BasicImage
22/10/2016 14:28:16 (Std) 	[ImageManager] Created image: 'TaharezLook/EditBoxRight' (005929B8) of type: BasicImage
22/10/2016 14:28:16 (Std) 	[ImageManager] Created image: 'TaharezLook/EditBoxCaret' (00591068) of type: BasicImage
22/10/2016 14:28:16 (Std) 	[ImageManager] Created image: 'TaharezLook/SpinnerUpNormal' (00591AB8) of type: BasicImage
22/10/2016 14:28:16 (Std) 	[ImageManager] Created image: 'TaharezLook/SpinnerDownNormal' (00590F78) of type: BasicImage
22/10/2016 14:28:16 (Std) 	[ImageManager] Created image: 'TaharezLook/SpinnerUpHover' (00591518) of type: BasicImage
22/10/2016 14:28:16 (Std) 	[ImageManager] Created image: 'TaharezLook/SpinnerDownHover' (00591608) of type: BasicImage
22/10/2016 14:28:16 (Std) 	[ImageManager] Created image: 'TaharezLook/TextSelectionBrush' (00591BA8) of type: BasicImage
22/10/2016 14:28:16 (Std) 	[ImageManager] Created image: 'TaharezLook/VertScrollTop' (00592C88) of type: BasicImage
22/10/2016 14:28:16 (Std) 	[ImageManager] Created image: 'TaharezLook/VertScrollMiddle' (06ACB228) of type: BasicImage
22/10/2016 14:28:16 (Std) 	[ImageManager] Created image: 'TaharezLook/VertScrollBottom' (06ACAAA8) of type: BasicImage
22/10/2016 14:28:16 (Std) 	[ImageManager] Created image: 'TaharezLook/VertScrollBarSegment' (06ACA238) of type: BasicImage
22/10/2016 14:28:16 (Std) 	[ImageManager] Created image: 'TaharezLook/VertScrollThumbNormal' (06ACA508) of type: BasicImage
22/10/2016 14:28:16 (Std) 	[ImageManager] Created image: 'TaharezLook/VertScrollThumbHover' (06ACAC88) of type: BasicImage
22/10/2016 14:28:16 (Std) 	[ImageManager] Created image: 'TaharezLook/VertScrollUpNormal' (06ACB4F8) of type: BasicImage
22/10/2016 14:28:16 (Std) 	[ImageManager] Created image: 'TaharezLook/VertScrollDownNormal' (06AC9C98) of type: BasicImage
22/10/2016 14:28:16 (Std) 	[ImageManager] Created image: 'TaharezLook/VertScrollUpHover' (06ACB408) of type: BasicImage
22/10/2016 14:28:16 (Std) 	[ImageManager] Created image: 'TaharezLook/VertScrollDownHover' (06ACAE68) of type: BasicImage
22/10/2016 14:28:16 (Std) 	[ImageManager] Created image: 'TaharezLook/MiniVertScrollBarSegment' (06ACAF58) of type: BasicImage
22/10/2016 14:28:16 (Std) 	[ImageManager] Created image: 'TaharezLook/MiniVertScrollThumbNormal' (06ACAB98) of type: BasicImage
22/10/2016 14:28:16 (Std) 	[ImageManager] Created image: 'TaharezLook/MiniVertScrollThumbTopNormal' (06ACB8B8) of type: BasicImage
22/10/2016 14:28:16 (Std) 	[ImageManager] Created image: 'TaharezLook/MiniVertScrollThumbMiddleNormal' (06ACB7C8) of type: BasicImage
22/10/2016 14:28:16 (Std) 	[ImageManager] Created image: 'TaharezLook/MiniVertScrollThumbBottomNormal' (06ACA7D8) of type: BasicImage
22/10/2016 14:28:16 (Std) 	[ImageManager] Created image: 'TaharezLook/MiniVertScrollThumbTopHover' (06ACA9B8) of type: BasicImage
22/10/2016 14:28:16 (Std) 	[ImageManager] Created image: 'TaharezLook/MiniVertScrollThumbMiddleHover' (06ACA5F8) of type: BasicImage
22/10/2016 14:28:16 (Std) 	[ImageManager] Created image: 'TaharezLook/MiniVertScrollThumbBottomHover' (06ACB048) of type: BasicImage
22/10/2016 14:28:16 (Std) 	[ImageManager] Created image: 'TaharezLook/MiniVertScrollThumbHover' (06ACB138) of type: BasicImage
22/10/2016 14:28:16 (Std) 	[ImageManager] Created image: 'TaharezLook/MiniVertScrollUpNormal' (06ACB6D8) of type: BasicImage
22/10/2016 14:28:16 (Std) 	[ImageManager] Created image: 'TaharezLook/MiniVertScrollDownNormal' (06ACB5E8) of type: BasicImage
22/10/2016 14:28:16 (Std) 	[ImageManager] Created image: 'TaharezLook/MiniVertScrollUpHover' (06ACA6E8) of type: BasicImage
22/10/2016 14:28:16 (Std) 	[ImageManager] Created image: 'TaharezLook/MiniVertScrollDownHover' (06ACAD78) of type: BasicImage
22/10/2016 14:28:16 (Std) 	[ImageManager] Created image: 'TaharezLook/VertSliderBody' (06ACA148) of type: BasicImage
22/10/2016 14:28:16 (Std) 	[ImageManager] Created image: 'TaharezLook/VertSliderThumbNormal' (06ACB318) of type: BasicImage
22/10/2016 14:28:16 (Std) 	[ImageManager] Created image: 'TaharezLook/VertSliderThumbHover' (06AC9BA8) of type: BasicImage
22/10/2016 14:28:16 (Std) 	[ImageManager] Created image: 'TaharezLook/MiniHorzScrollBarSegment' (06AC9D88) of type: BasicImage
22/10/2016 14:28:16 (Std) 	[ImageManager] Created image: 'TaharezLook/MiniHorzScrollThumbNormal' (06AC9E78) of type: BasicImage
22/10/2016 14:28:16 (Std) 	[ImageManager] Created image: 'TaharezLook/MiniHorzScrollThumbLeftNormal' (06AC9F68) of type: BasicImage
22/10/2016 14:28:16 (Std) 	[ImageManager] Created image: 'TaharezLook/MiniHorzScrollThumbMiddleNormal' (06ACA058) of type: BasicImage
22/10/2016 14:28:16 (Std) 	[ImageManager] Created image: 'TaharezLook/MiniHorzScrollThumbRightNormal' (06ACA8C8) of type: BasicImage
22/10/2016 14:28:16 (Std) 	[ImageManager] Created image: 'TaharezLook/MiniHorzScrollThumbHover' (06ACA328) of type: BasicImage
22/10/2016 14:28:16 (Std) 	[ImageManager] Created image: 'TaharezLook/MiniHorzScrollThumbLeftHover' (06ACA418) of type: BasicImage
22/10/2016 14:28:16 (Std) 	[ImageManager] Created image: 'TaharezLook/MiniHorzScrollThumbMiddleHover' (06ACB9A8) of type: BasicImage
22/10/2016 14:28:16 (Std) 	[ImageManager] Created image: 'TaharezLook/MiniHorzScrollThumbRightHover' (06ACF238) of type: BasicImage
22/10/2016 14:28:16 (Std) 	[ImageManager] Created image: 'TaharezLook/MiniHorzScrollLeftNormal' (06ACF5F8) of type: BasicImage
22/10/2016 14:28:16 (Std) 	[ImageManager] Created image: 'TaharezLook/MiniHorzScrollRightNormal' (06ACEF68) of type: BasicImage
22/10/2016 14:28:16 (Std) 	[ImageManager] Created image: 'TaharezLook/MiniHorzScrollLeftHover' (06ACEE78) of type: BasicImage
22/10/2016 14:28:16 (Std) 	[ImageManager] Created image: 'TaharezLook/MiniHorzScrollRightHover' (06ACE158) of type: BasicImage
22/10/2016 14:28:16 (Std) 	[ImageManager] Created image: 'TaharezLook/ListboxLeft' (06ACE7E8) of type: BasicImage
22/10/2016 14:28:16 (Std) 	[ImageManager] Created image: 'TaharezLook/ListboxRight' (06ACF6E8) of type: BasicImage
22/10/2016 14:28:16 (Std) 	[ImageManager] Created image: 'TaharezLook/ListboxTop' (06ACE428) of type: BasicImage
22/10/2016 14:28:16 (Std) 	[ImageManager] Created image: 'TaharezLook/ListboxBottom' (06ACF7D8) of type: BasicImage
22/10/2016 14:28:16 (Std) 	[ImageManager] Created image: 'TaharezLook/ListboxTopLeft' (06ACE608) of type: BasicImage
22/10/2016 14:28:16 (Std) 	[ImageManager] Created image: 'TaharezLook/ListboxTopRight' (06ACF8C8) of type: BasicImage
22/10/2016 14:28:16 (Std) 	[ImageManager] Created image: 'TaharezLook/ListboxBottomLeft' (06ACE518) of type: BasicImage
22/10/2016 14:28:16 (Std) 	[ImageManager] Created image: 'TaharezLook/ListboxBottomRight' (06ACDBB8) of type: BasicImage
22/10/2016 14:28:16 (Std) 	[ImageManager] Created image: 'TaharezLook/ListboxBackdrop' (06ACDCA8) of type: BasicImage
22/10/2016 14:28:16 (Std) 	[ImageManager] Created image: 'TaharezLook/ListboxSelectionBrush' (06ACE248) of type: BasicImage
22/10/2016 14:28:16 (Std) 	[ImageManager] Created image: 'TaharezLook/ComboboxEditLeft' (06ACE6F8) of type: BasicImage
22/10/2016 14:28:16 (Std) 	[ImageManager] Created image: 'TaharezLook/ComboboxEditMiddle' (06ACF508) of type: BasicImage
22/10/2016 14:28:16 (Std) 	[ImageManager] Created image: 'TaharezLook/ComboboxListButtonNormal' (06ACF148) of type: BasicImage
22/10/2016 14:28:16 (Std) 	[ImageManager] Created image: 'TaharezLook/ComboboxListButtonHover' (06ACDD98) of type: BasicImage
22/10/2016 14:28:16 (Std) 	[ImageManager] Created image: 'TaharezLook/ComboboxListLeft' (06ACDE88) of type: BasicImage
22/10/2016 14:28:16 (Std) 	[ImageManager] Created image: 'TaharezLook/ComboboxListRight' (06ACDF78) of type: BasicImage
22/10/2016 14:28:16 (Std) 	[ImageManager] Created image: 'TaharezLook/ComboboxListTop' (06ACE8D8) of type: BasicImage
22/10/2016 14:28:16 (Std) 	[ImageManager] Created image: 'TaharezLook/ComboboxListBottom' (06ACF058) of type: BasicImage
22/10/2016 14:28:16 (Std) 	[ImageManager] Created image: 'TaharezLook/ComboboxListTopLeft' (06ACE068) of type: BasicImage
22/10/2016 14:28:16 (Std) 	[ImageManager] Created image: 'TaharezLook/ComboboxListTopRight' (06ACE338) of type: BasicImage
22/10/2016 14:28:16 (Std) 	[ImageManager] Created image: 'TaharezLook/ComboboxListBottomLeft' (06ACE9C8) of type: BasicImage
22/10/2016 14:28:16 (Std) 	[ImageManager] Created image: 'TaharezLook/ComboboxListBottomRight' (06ACEAB8) of type: BasicImage
22/10/2016 14:28:16 (Std) 	[ImageManager] Created image: 'TaharezLook/ComboboxListBackdrop' (06ACF328) of type: BasicImage
22/10/2016 14:28:16 (Std) 	[ImageManager] Created image: 'TaharezLook/ComboboxSelectionBrush' (06ACEBA8) of type: BasicImage
22/10/2016 14:28:16 (Std) 	[ImageManager] Created image: 'TaharezLook/ComboboxDividerLeft' (06ACEC98) of type: BasicImage
22/10/2016 14:28:16 (Std) 	[ImageManager] Created image: 'TaharezLook/ComboboxDividerMiddle' (06ACED88) of type: BasicImage
22/10/2016 14:28:16 (Std) 	[ImageManager] Created image: 'TaharezLook/ComboboxDividerRight' (06ACF418) of type: BasicImage
22/10/2016 14:28:16 (Std) 	[ImageManager] Created image: 'TaharezLook/HeaderBarBackdropNormal' (06ACF9B8) of type: BasicImage
22/10/2016 14:28:16 (Std) 	[ImageManager] Created image: 'TaharezLook/HeaderBarBackdropHover' (06AD8450) of type: BasicImage
22/10/2016 14:28:16 (Std) 	[ImageManager] Created image: 'TaharezLook/HeaderBarSplitterNormal' (06AD8720) of type: BasicImage
22/10/2016 14:28:16 (Std) 	[ImageManager] Created image: 'TaharezLook/HeaderBarSplitterHover' (06AD8BD0) of type: BasicImage
22/10/2016 14:28:16 (Std) 	[ImageManager] Created image: 'TaharezLook/HeaderBarSortUp' (06AD8DB0) of type: BasicImage
22/10/2016 14:28:16 (Std) 	[ImageManager] Created image: 'TaharezLook/HeaderBarSortDown' (06AD9350) of type: BasicImage
22/10/2016 14:28:16 (Std) 	[ImageManager] Created image: 'TaharezLook/MultiListLeft' (06AD9620) of type: BasicImage
22/10/2016 14:28:16 (Std) 	[ImageManager] Created image: 'TaharezLook/MultiListRight' (06AD8360) of type: BasicImage
22/10/2016 14:28:16 (Std) 	[ImageManager] Created image: 'TaharezLook/MultiListTop' (06AD8EA0) of type: BasicImage
22/10/2016 14:28:16 (Std) 	[ImageManager] Created image: 'TaharezLook/MultiListBottom' (06AD9260) of type: BasicImage
22/10/2016 14:28:16 (Std) 	[ImageManager] Created image: 'TaharezLook/MultiListTopLeft' (06AD89F0) of type: BasicImage
22/10/2016 14:28:16 (Std) 	[ImageManager] Created image: 'TaharezLook/MultiListTopRight' (06AD8900) of type: BasicImage
22/10/2016 14:28:16 (Std) 	[ImageManager] Created image: 'TaharezLook/MultiListBottomLeft' (06AD8CC0) of type: BasicImage
22/10/2016 14:28:16 (Std) 	[ImageManager] Created image: 'TaharezLook/MultiListBottomRight' (06AD8AE0) of type: BasicImage
22/10/2016 14:28:16 (Std) 	[ImageManager] Created image: 'TaharezLook/MultiListBackdrop' (06AD9170) of type: BasicImage
22/10/2016 14:28:16 (Std) 	[ImageManager] Created image: 'TaharezLook/MultiListSelectionBrush' (06AD7CD0) of type: BasicImage
22/10/2016 14:28:16 (Std) 	[ImageManager] Created image: 'TaharezLook/AltProgressLeft' (06AD7FA0) of type: BasicImage
22/10/2016 14:28:16 (Std) 	[ImageManager] Created image: 'TaharezLook/AltProgressMiddle' (06AD8F90) of type: BasicImage
22/10/2016 14:28:16 (Std) 	[ImageManager] Created image: 'TaharezLook/AltProgressRight' (06AD9440) of type: BasicImage
22/10/2016 14:28:16 (Std) 	[ImageManager] Created image: 'TaharezLook/AltProgressQuarter' (06AD9530) of type: BasicImage
22/10/2016 14:28:16 (Std) 	[ImageManager] Created image: 'TaharezLook/AltProgressHalf' (06AD9710) of type: BasicImage
22/10/2016 14:28:16 (Std) 	[ImageManager] Created image: 'TaharezLook/AltProgressLight1' (06AD8090) of type: BasicImage
22/10/2016 14:28:16 (Std) 	[ImageManager] Created image: 'TaharezLook/AltProgressLight2' (06AD9800) of type: BasicImage
22/10/2016 14:28:16 (Std) 	[ImageManager] Created image: 'TaharezLook/AltProgressLight3' (06AD8810) of type: BasicImage
22/10/2016 14:28:16 (Std) 	[ImageManager] Created image: 'TaharezLook/AltProgressLight4' (06AD9080) of type: BasicImage
22/10/2016 14:28:16 (Std) 	[ImageManager] Created image: 'TaharezLook/AltProgressLight5' (06AD98F0) of type: BasicImage
22/10/2016 14:28:16 (Std) 	[ImageManager] Created image: 'TaharezLook/AltProgressLight6' (06AD8180) of type: BasicImage
22/10/2016 14:28:16 (Std) 	[ImageManager] Created image: 'TaharezLook/AltProgressLight7' (06AD7DC0) of type: BasicImage
22/10/2016 14:28:16 (Std) 	[ImageManager] Created image: 'TaharezLook/AltProgressLight8' (06AD7BE0) of type: BasicImage
22/10/2016 14:28:16 (Std) 	[ImageManager] Created image: 'TaharezLook/AltProgressLight9' (06AD7EB0) of type: BasicImage
22/10/2016 14:28:16 (Std) 	[ImageManager] Created image: 'TaharezLook/AltProgressLight10' (06AD8270) of type: BasicImage
22/10/2016 14:28:16 (Std) 	[ImageManager] Created image: 'TaharezLook/CloseButtonNormal' (06AD8540) of type: BasicImage
22/10/2016 14:28:16 (Std) 	[ImageManager] Created image: 'TaharezLook/CloseButtonHover' (06AD8630) of type: BasicImage
22/10/2016 14:28:16 (Std) 	[ImageManager] Created image: 'TaharezLook/CloseButtonPressed' (06AD99E0) of type: BasicImage
22/10/2016 14:28:16 (Std) 	[ImageManager] Created image: 'TaharezLook/NewCloseButtonNormal' (0058BCA0) of type: BasicImage
22/10/2016 14:28:16 (Std) 	[ImageManager] Created image: 'TaharezLook/NewCloseButtonHover' (0058AF80) of type: BasicImage
22/10/2016 14:28:16 (Std) 	[ImageManager] Created image: 'TaharezLook/NewCloseButtonPressed' (0058B610) of type: BasicImage
22/10/2016 14:28:16 (Std) 	[ImageManager] Created image: 'TaharezLook/MultiLineEditboxLeft' (0058B430) of type: BasicImage
22/10/2016 14:28:16 (Std) 	[ImageManager] Created image: 'TaharezLook/MultiLineEditboxRight' (0058B7F0) of type: BasicImage
22/10/2016 14:28:16 (Std) 	[ImageManager] Created image: 'TaharezLook/MultiLineEditboxTop' (0058B340) of type: BasicImage
22/10/2016 14:28:16 (Std) 	[ImageManager] Created image: 'TaharezLook/MultiLineEditboxBottom' (0058AE90) of type: BasicImage
22/10/2016 14:28:16 (Std) 	[ImageManager] Created image: 'TaharezLook/MultiLineEditboxTopLeft' (0058BBB0) of type: BasicImage
22/10/2016 14:28:16 (Std) 	[ImageManager] Created image: 'TaharezLook/MultiLineEditboxTopRight' (0058B070) of type: BasicImage
22/10/2016 14:28:16 (Std) 	[ImageManager] Created image: 'TaharezLook/MultiLineEditboxBottomLeft' (0058B8E0) of type: BasicImage
22/10/2016 14:28:16 (Std) 	[ImageManager] Created image: 'TaharezLook/MultiLineEditboxBottomRight' (0058B250) of type: BasicImage
22/10/2016 14:28:16 (Std) 	[ImageManager] Created image: 'TaharezLook/MultiLineEditboxBackdrop' (0058B520) of type: BasicImage
22/10/2016 14:28:16 (Std) 	[ImageManager] Created image: 'TaharezLook/MultiLineEditboxSelectionBrush' (0058B700) of type: BasicImage
22/10/2016 14:28:16 (Std) 	[ImageManager] Created image: 'TaharezLook/MouseTarget' (0058B9D0) of type: BasicImage
22/10/2016 14:28:16 (Std) 	[ImageManager] Created image: 'TaharezLook/MouseArrow' (0058BAC0) of type: BasicImage
22/10/2016 14:28:16 (Std) 	[ImageManager] Created image: 'TaharezLook/MouseMoveCursor' (0058B160) of type: BasicImage
22/10/2016 14:28:16 (Std) 	[ImageManager] Created image: 'TaharezLook/MouseNoSoCursor' (06ADCBE0) of type: BasicImage
22/10/2016 14:28:16 (Std) 	[ImageManager] Created image: 'TaharezLook/MouseEsWeCursor' (06ADBBF0) of type: BasicImage
22/10/2016 14:28:16 (Std) 	[ImageManager] Created image: 'TaharezLook/MouseNeSwCursor' (06ADD540) of type: BasicImage
22/10/2016 14:28:16 (Std) 	[ImageManager] Created image: 'TaharezLook/MouseNwSeCursor' (06ADCFA0) of type: BasicImage
22/10/2016 14:28:16 (Std) 	[ImageManager] Created image: 'TaharezLook/MouseTextBar' (06ADCCD0) of type: BasicImage
22/10/2016 14:28:16 (Std) 	[ImageManager] Created image: 'TaharezLook/TabHorizontalFiller' (06ADBCE0) of type: BasicImage
22/10/2016 14:28:16 (Std) 	[ImageManager] Created image: 'TaharezLook/TabContentPaneUpperLeft' (06ADD630) of type: BasicImage
22/10/2016 14:28:16 (Std) 	[ImageManager] Created image: 'TaharezLook/TabContentPaneUpper' (06ADBFB0) of type: BasicImage
22/10/2016 14:28:16 (Std) 	[ImageManager] Created image: 'TaharezLook/TabContentPaneUpperRight' (06ADCEB0) of type: BasicImage
22/10/2016 14:28:16 (Std) 	[ImageManager] Created image: 'TaharezLook/TabContentPaneLeft' (06ADC0A0) of type: BasicImage
22/10/2016 14:28:16 (Std) 	[ImageManager] Created image: 'TaharezLook/TabContentPaneRight' (06ADBDD0) of type: BasicImage
22/10/2016 14:28:16 (Std) 	[ImageManager] Created image: 'TaharezLook/TabContentPaneLower' (06ADD090) of type: BasicImage
22/10/2016 14:28:16 (Std) 	[ImageManager] Created image: 'TaharezLook/TabContentPaneLowerLeft' (06ADC190) of type: BasicImage
22/10/2016 14:28:16 (Std) 	[ImageManager] Created image: 'TaharezLook/TabContentPaneLowerRight' (06ADBEC0) of type: BasicImage
22/10/2016 14:28:16 (Std) 	[ImageManager] Created image: 'TaharezLook/TabContentPaneMiddle' (06ADC730) of type: BasicImage
22/10/2016 14:28:16 (Std) 	[ImageManager] Created image: 'TaharezLook/TabButtonScrollLeftNormal' (06ADC910) of type: BasicImage
22/10/2016 14:28:16 (Std) 	[ImageManager] Created image: 'TaharezLook/TabButtonScrollRightNormal' (06ADCAF0) of type: BasicImage
22/10/2016 14:28:16 (Std) 	[ImageManager] Created image: 'TaharezLook/TabButtonScrollLeftHover' (06ADD180) of type: BasicImage
22/10/2016 14:28:16 (Std) 	[ImageManager] Created image: 'TaharezLook/TabButtonScrollRightHover' (06ADC820) of type: BasicImage
22/10/2016 14:28:16 (Std) 	[ImageManager] Created image: 'TaharezLook/TabButtonLeftNormal' (06ADD270) of type: BasicImage
22/10/2016 14:28:16 (Std) 	[ImageManager] Created image: 'TaharezLook/TabButtonRightNormal' (06ADC280) of type: BasicImage
22/10/2016 14:28:16 (Std) 	[ImageManager] Created image: 'TaharezLook/TabButtonUpperNormal' (06ADCA00) of type: BasicImage
22/10/2016 14:28:16 (Std) 	[ImageManager] Created image: 'TaharezLook/TabButtonLowerNormal' (06ADCDC0) of type: BasicImage
22/10/2016 14:28:16 (Std) 	[ImageManager] Created image: 'TaharezLook/TabButtonUpperLeftNormal' (06ADD360) of type: BasicImage
22/10/2016 14:28:16 (Std) 	[ImageManager] Created image: 'TaharezLook/TabButtonUpperLeft2Normal' (06ADD450) of type: BasicImage
22/10/2016 14:28:16 (Std) 	[ImageManager] Created image: 'TaharezLook/TabButtonUpperRightNormal' (06ADC640) of type: BasicImage
22/10/2016 14:28:16 (Std) 	[ImageManager] Created image: 'TaharezLook/TabButtonLowerLeftNormal' (06ADD720) of type: BasicImage
22/10/2016 14:28:16 (Std) 	[ImageManager] Created image: 'TaharezLook/TabButtonLowerRightNormal' (06ADC370) of type: BasicImage
22/10/2016 14:28:16 (Std) 	[ImageManager] Created image: 'TaharezLook/TabButtonLowerRight2Normal' (06ADD810) of type: BasicImage
22/10/2016 14:28:16 (Std) 	[ImageManager] Created image: 'TaharezLook/TabButtonMiddleNormal' (06ADC460) of type: BasicImage
22/10/2016 14:28:16 (Std) 	[ImageManager] Created image: 'TaharezLook/TabButtonLeftSelected' (06ADD900) of type: BasicImage
22/10/2016 14:28:16 (Std) 	[ImageManager] Created image: 'TaharezLook/TabButtonRightSelected' (06ADC550) of type: BasicImage
22/10/2016 14:28:16 (Std) 	[ImageManager] Created image: 'TaharezLook/TabButtonUpperSelected' (06ADD9F0) of type: BasicImage
22/10/2016 14:28:16 (Std) 	[ImageManager] Created image: 'TaharezLook/TabButtonLowerSelected' (03EE7F20) of type: BasicImage
22/10/2016 14:28:16 (Std) 	[ImageManager] Created image: 'TaharezLook/TabButtonUpperLeftSelected' (03EE86A0) of type: BasicImage
22/10/2016 14:28:16 (Std) 	[ImageManager] Created image: 'TaharezLook/TabButtonUpperRightSelected' (03EE8100) of type: BasicImage
22/10/2016 14:28:16 (Std) 	[ImageManager] Created image: 'TaharezLook/TabButtonLowerLeftSelected' (03EE8D30) of type: BasicImage
22/10/2016 14:28:16 (Std) 	[ImageManager] Created image: 'TaharezLook/TabButtonLowerRightSelected' (03EE8790) of type: BasicImage
22/10/2016 14:28:16 (Std) 	[ImageManager] Created image: 'TaharezLook/TabButtonMiddleSelected' (03EE82E0) of type: BasicImage
22/10/2016 14:28:16 (Std) 	[ImageManager] Created image: 'TaharezLook/TooltipTopLeft' (03EE8880) of type: BasicImage
22/10/2016 14:28:16 (Std) 	[ImageManager] Created image: 'TaharezLook/TooltipTopRight' (03EE8010) of type: BasicImage
22/10/2016 14:28:16 (Std) 	[ImageManager] Created image: 'TaharezLook/TooltipBottomLeft' (03EE75C0) of type: BasicImage
22/10/2016 14:28:16 (Std) 	[ImageManager] Created image: 'TaharezLook/TooltipBottomRight' (03EE76B0) of type: BasicImage
22/10/2016 14:28:16 (Std) 	[ImageManager] Created image: 'TaharezLook/TooltipLeftEdge' (03EE8E20) of type: BasicImage
22/10/2016 14:28:16 (Std) 	[ImageManager] Created image: 'TaharezLook/TooltipRightEdge' (03EE77A0) of type: BasicImage
22/10/2016 14:28:16 (Std) 	[ImageManager] Created image: 'TaharezLook/TooltipTopEdge' (03EE81F0) of type: BasicImage
22/10/2016 14:28:16 (Std) 	[ImageManager] Created image: 'TaharezLook/TooltipBottomEdge' (03EE83D0) of type: BasicImage
22/10/2016 14:28:16 (Std) 	[ImageManager] Created image: 'TaharezLook/TooltipMiddle' (03EE84C0) of type: BasicImage
22/10/2016 14:28:16 (Std) 	[ImageManager] Created image: 'TaharezLook/MenuTopLeft' (03EE8970) of type: BasicImage
22/10/2016 14:28:16 (Std) 	[ImageManager] Created image: 'TaharezLook/MenuTopRight' (03EE85B0) of type: BasicImage
22/10/2016 14:28:16 (Std) 	[ImageManager] Created image: 'TaharezLook/MenuBottomLeft' (03EE8F10) of type: BasicImage
22/10/2016 14:28:16 (Std) 	[ImageManager] Created image: 'TaharezLook/MenuBottomRight' (03EE72F0) of type: BasicImage
22/10/2016 14:28:16 (Std) 	[ImageManager] Created image: 'TaharezLook/MenuLeft' (03EE8A60) of type: BasicImage
22/10/2016 14:28:16 (Std) 	[ImageManager] Created image: 'TaharezLook/MenuRight' (03EE8B50) of type: BasicImage
22/10/2016 14:28:16 (Std) 	[ImageManager] Created image: 'TaharezLook/MenuTop' (03EE7200) of type: BasicImage
22/10/2016 14:28:16 (Std) 	[ImageManager] Created image: 'TaharezLook/MenuBottom' (03EE8C40) of type: BasicImage
22/10/2016 14:28:16 (Std) 	[ImageManager] Created image: 'TaharezLook/MenuMiddle' (03EE73E0) of type: BasicImage
22/10/2016 14:28:16 (Std) 	[ImageManager] Created image: 'TaharezLook/PopupMenuFrameTopLeft' (03EE74D0) of type: BasicImage
22/10/2016 14:28:16 (Std) 	[ImageManager] Created image: 'TaharezLook/PopupMenuFrameTopRight' (03EE7890) of type: BasicImage
22/10/2016 14:28:16 (Std) 	[ImageManager] Created image: 'TaharezLook/PopupMenuFrameBottomLeft' (03EE7980) of type: BasicImage
22/10/2016 14:28:16 (Std) 	[ImageManager] Created image: 'TaharezLook/PopupMenuFrameBottomRight' (03EE7A70) of type: BasicImage
22/10/2016 14:28:16 (Std) 	[ImageManager] Created image: 'TaharezLook/PopupMenuFrameLeft' (03EE7B60) of type: BasicImage
22/10/2016 14:28:16 (Std) 	[ImageManager] Created image: 'TaharezLook/PopupMenuFrameRight' (03EE7C50) of type: BasicImage
22/10/2016 14:28:16 (Std) 	[ImageManager] Created image: 'TaharezLook/PopupMenuFrameTop' (03EE7D40) of type: BasicImage
22/10/2016 14:28:16 (Std) 	[ImageManager] Created image: 'TaharezLook/PopupMenuFrameBottom' (03EE7E30) of type: BasicImage
22/10/2016 14:28:16 (Std) 	[ImageManager] Created image: 'TaharezLook/PopupMenuMiddle' (03EE9000) of type: BasicImage
22/10/2016 14:28:16 (Std) 	[ImageManager] Created image: 'TaharezLook/PopupMenuArrowRight' (00592F78) of type: BasicImage
22/10/2016 14:28:16 (Std) 	[ImageManager] Created image: 'TaharezLook/PopupMenuArrowLeft' (00593608) of type: BasicImage
22/10/2016 14:28:16 (Std) 	[ImageManager] Created image: 'TaharezLook/TreeListClosed' (00593AB8) of type: BasicImage
22/10/2016 14:28:16 (Std) 	[ImageManager] Created image: 'TaharezLook/TreeListOpened' (00593068) of type: BasicImage
22/10/2016 14:28:16 (Std) 	===== Falagard 'root' element: look and feel parsing begins =====
22/10/2016 14:28:16 (Std) 	===== Look and feel parsing completed =====
22/10/2016 14:28:16 (Std) 	No window renderer factories specified for module 'CEGUICoreWindowRendererSet' - adding all available factories...
22/10/2016 14:28:16 (Std) 	Created WindowRendererFactory for 'Core/Button' WindowRenderers.
22/10/2016 14:28:16 (Std) 	WindowRendererFactory 'Core/Button' added. (06B0F158)
22/10/2016 14:28:16 (Std) 	Created WindowRendererFactory for 'Core/Default' WindowRenderers.
22/10/2016 14:28:16 (Std) 	WindowRendererFactory 'Core/Default' added. (06B10EE0)
22/10/2016 14:28:16 (Std) 	Created WindowRendererFactory for 'Core/Editbox' WindowRenderers.
22/10/2016 14:28:16 (Std) 	WindowRendererFactory 'Core/Editbox' added. (06B0FF20)
22/10/2016 14:28:16 (Std) 	Created WindowRendererFactory for 'Core/FrameWindow' WindowRenderers.
22/10/2016 14:28:16 (Std) 	WindowRendererFactory 'Core/FrameWindow' added. (06B0FC80)
22/10/2016 14:28:16 (Std) 	Created WindowRendererFactory for 'Core/ItemEntry' WindowRenderers.
22/10/2016 14:28:16 (Std) 	WindowRendererFactory 'Core/ItemEntry' added. (06B103B8)
22/10/2016 14:28:16 (Std) 	Created WindowRendererFactory for 'Core/ListHeader' WindowRenderers.
22/10/2016 14:28:16 (Std) 	WindowRendererFactory 'Core/ListHeader' added. (06B0FA88)
22/10/2016 14:28:16 (Std) 	Created WindowRendererFactory for 'Core/ListHeaderSegment' WindowRenderers.
22/10/2016 14:28:16 (Std) 	WindowRendererFactory 'Core/ListHeaderSegment' added. (06B0FDD0)
22/10/2016 14:28:16 (Std) 	Created WindowRendererFactory for 'Core/Listbox' WindowRenderers.
22/10/2016 14:28:16 (Std) 	WindowRendererFactory 'Core/Listbox' added. (06B0FE78)
22/10/2016 14:28:16 (Std) 	Created WindowRendererFactory for 'Core/Menubar' WindowRenderers.
22/10/2016 14:28:16 (Std) 	WindowRendererFactory 'Core/Menubar' added. (06B0FFC8)
22/10/2016 14:28:16 (Std) 	Created WindowRendererFactory for 'Core/MenuItem' WindowRenderers.
22/10/2016 14:28:16 (Std) 	WindowRendererFactory 'Core/MenuItem' added. (06B10268)
22/10/2016 14:28:16 (Std) 	Created WindowRendererFactory for 'Core/MultiColumnList' WindowRenderers.
22/10/2016 14:28:16 (Std) 	WindowRendererFactory 'Core/MultiColumnList' added. (06B101C0)
22/10/2016 14:28:16 (Std) 	Created WindowRendererFactory for 'Core/MultiLineEditbox' WindowRenderers.
22/10/2016 14:28:16 (Std) 	WindowRendererFactory 'Core/MultiLineEditbox' added. (06B109A0)
22/10/2016 14:28:16 (Std) 	Created WindowRendererFactory for 'Core/PopupMenu' WindowRenderers.
22/10/2016 14:28:16 (Std) 	WindowRendererFactory 'Core/PopupMenu' added. (06B108F8)
22/10/2016 14:28:16 (Std) 	Created WindowRendererFactory for 'Core/ProgressBar' WindowRenderers.
22/10/2016 14:28:16 (Std) 	WindowRendererFactory 'Core/ProgressBar' added. (06B10310)
22/10/2016 14:28:16 (Std) 	Created WindowRendererFactory for 'Core/ScrollablePane' WindowRenderers.
22/10/2016 14:28:16 (Std) 	WindowRendererFactory 'Core/ScrollablePane' added. (06B10460)
22/10/2016 14:28:16 (Std) 	Created WindowRendererFactory for 'Core/Scrollbar' WindowRenderers.
22/10/2016 14:28:16 (Std) 	WindowRendererFactory 'Core/Scrollbar' added. (06B0FD28)
22/10/2016 14:28:16 (Std) 	Created WindowRendererFactory for 'Core/Slider' WindowRenderers.
22/10/2016 14:28:16 (Std) 	WindowRendererFactory 'Core/Slider' added. (06B10070)
22/10/2016 14:28:16 (Std) 	Created WindowRendererFactory for 'Core/Static' WindowRenderers.
22/10/2016 14:28:16 (Std) 	WindowRendererFactory 'Core/Static' added. (06B10CE8)
22/10/2016 14:28:16 (Std) 	Created WindowRendererFactory for 'Core/StaticImage' WindowRenderers.
22/10/2016 14:28:16 (Std) 	WindowRendererFactory 'Core/StaticImage' added. (06B10118)
22/10/2016 14:28:16 (Std) 	Created WindowRendererFactory for 'Core/StaticText' WindowRenderers.
22/10/2016 14:28:16 (Std) 	WindowRendererFactory 'Core/StaticText' added. (06B10658)
22/10/2016 14:28:16 (Std) 	Created WindowRendererFactory for 'Core/TabButton' WindowRenderers.
22/10/2016 14:28:16 (Std) 	WindowRendererFactory 'Core/TabButton' added. (06B10700)
22/10/2016 14:28:16 (Std) 	Created WindowRendererFactory for 'Core/TabControl' WindowRenderers.
22/10/2016 14:28:16 (Std) 	WindowRendererFactory 'Core/TabControl' added. (06B10508)
22/10/2016 14:28:16 (Std) 	Created WindowRendererFactory for 'Core/Titlebar' WindowRenderers.
22/10/2016 14:28:16 (Std) 	WindowRendererFactory 'Core/Titlebar' added. (06B107A8)
22/10/2016 14:28:16 (Std) 	Created WindowRendererFactory for 'Core/ToggleButton' WindowRenderers.
22/10/2016 14:28:16 (Std) 	WindowRendererFactory 'Core/ToggleButton' added. (06B10D90)
22/10/2016 14:28:16 (Std) 	Created WindowRendererFactory for 'Core/Tooltip' WindowRenderers.
22/10/2016 14:28:16 (Std) 	WindowRendererFactory 'Core/Tooltip' added. (06B10850)
22/10/2016 14:28:16 (Std) 	Created WindowRendererFactory for 'Core/ItemListbox' WindowRenderers.
22/10/2016 14:28:16 (Std) 	WindowRendererFactory 'Core/ItemListbox' added. (06B10C40)
22/10/2016 14:28:16 (Std) 	Created WindowRendererFactory for 'Core/Tree' WindowRenderers.
22/10/2016 14:28:16 (Std) 	WindowRendererFactory 'Core/Tree' added. (06B0FB30)
22/10/2016 14:28:16 (Std) 	Creating falagard mapping for type 'TaharezLook/Label' using base type 'DefaultWindow', window renderer 'Core/Default' Look'N'Feel 'TaharezLook/Label' and RenderEffect ''. (0022E01C)
22/10/2016 14:28:16 (Std) 	Creating falagard mapping for type 'TaharezLook/Button' using base type 'CEGUI/PushButton', window renderer 'Core/Button' Look'N'Feel 'TaharezLook/Button' and RenderEffect ''. (0022E01C)
22/10/2016 14:28:16 (Std) 	Creating falagard mapping for type 'TaharezLook/Checkbox' using base type 'CEGUI/ToggleButton', window renderer 'Core/ToggleButton' Look'N'Feel 'TaharezLook/Checkbox' and RenderEffect ''. (0022E01C)
22/10/2016 14:28:16 (Std) 	Creating falagard mapping for type 'TaharezLook/ImageButton' using base type 'CEGUI/PushButton', window renderer 'Core/Button' Look'N'Feel 'TaharezLook/ImageButton' and RenderEffect ''. (0022E01C)
22/10/2016 14:28:16 (Std) 	Creating falagard mapping for type 'TaharezLook/RadioButton' using base type 'CEGUI/RadioButton', window renderer 'Core/ToggleButton' Look'N'Feel 'TaharezLook/RadioButton' and RenderEffect ''. (0022E01C)
22/10/2016 14:28:16 (Std) 	Creating falagard mapping for type 'TaharezLook/FrameWindow' using base type 'CEGUI/FrameWindow', window renderer 'Core/FrameWindow' Look'N'Feel 'TaharezLook/FrameWindow' and RenderEffect ''. (0022E01C)
22/10/2016 14:28:16 (Std) 	Creating falagard mapping for type 'TaharezLook/Titlebar' using base type 'CEGUI/Titlebar', window renderer 'Core/Titlebar' Look'N'Feel 'TaharezLook/Titlebar' and RenderEffect ''. (0022E01C)
22/10/2016 14:28:16 (Std) 	Creating falagard mapping for type 'TaharezLook/Editbox' using base type 'CEGUI/Editbox', window renderer 'Core/Editbox' Look'N'Feel 'TaharezLook/Editbox' and RenderEffect ''. (0022E01C)
22/10/2016 14:28:16 (Std) 	Creating falagard mapping for type 'TaharezLook/MultiLineEditbox' using base type 'CEGUI/MultiLineEditbox', window renderer 'Core/MultiLineEditbox' Look'N'Feel 'TaharezLook/MultiLineEditbox' and RenderEffect ''. (0022E01C)
22/10/2016 14:28:16 (Std) 	Creating falagard mapping for type 'TaharezLook/Menubar' using base type 'CEGUI/Menubar', window renderer 'Core/Menubar' Look'N'Feel 'TaharezLook/Menubar' and RenderEffect ''. (0022E01C)
22/10/2016 14:28:16 (Std) 	Creating falagard mapping for type 'TaharezLook/PopupMenu' using base type 'CEGUI/PopupMenu', window renderer 'Core/PopupMenu' Look'N'Feel 'TaharezLook/PopupMenu' and RenderEffect ''. (0022E01C)
22/10/2016 14:28:16 (Std) 	Creating falagard mapping for type 'TaharezLook/MenuItem' using base type 'CEGUI/MenuItem', window renderer 'Core/MenuItem' Look'N'Feel 'TaharezLook/MenuItem' and RenderEffect ''. (0022E01C)
22/10/2016 14:28:16 (Std) 	Creating falagard mapping for type 'TaharezLook/AlternateProgressBar' using base type 'CEGUI/ProgressBar', window renderer 'Core/ProgressBar' Look'N'Feel 'TaharezLook/AltProgressBar' and RenderEffect ''. (0022E01C)
22/10/2016 14:28:16 (Std) 	Creating falagard mapping for type 'TaharezLook/ProgressBar' using base type 'CEGUI/ProgressBar', window renderer 'Core/ProgressBar' Look'N'Feel 'TaharezLook/ProgressBar' and RenderEffect ''. (0022E01C)
22/10/2016 14:28:16 (Std) 	Creating falagard mapping for type 'TaharezLook/VUMeter' using base type 'CEGUI/ProgressBar', window renderer 'Core/ProgressBar' Look'N'Feel 'TaharezLook/VUMeter' and RenderEffect ''. (0022E01C)
22/10/2016 14:28:16 (Std) 	Creating falagard mapping for type 'TaharezLook/VerticalScrollbar' using base type 'CEGUI/Scrollbar', window renderer 'Core/Scrollbar' Look'N'Feel 'TaharezLook/VerticalScrollbar' and RenderEffect ''. (0022E01C)
22/10/2016 14:28:16 (Std) 	Creating falagard mapping for type 'TaharezLook/HorizontalScrollbar' using base type 'CEGUI/Scrollbar', window renderer 'Core/Scrollbar' Look'N'Feel 'TaharezLook/HorizontalScrollbar' and RenderEffect ''. (0022E01C)
22/10/2016 14:28:16 (Std) 	Creating falagard mapping for type 'TaharezLook/VerticalScrollbarThumb' using base type 'CEGUI/Thumb', window renderer 'Core/Button' Look'N'Feel 'TaharezLook/VerticalScrollbarThumb' and RenderEffect ''. (0022E01C)
22/10/2016 14:28:16 (Std) 	Creating falagard mapping for type 'TaharezLook/HorizontalScrollbarThumb' using base type 'CEGUI/Thumb', window renderer 'Core/Button' Look'N'Feel 'TaharezLook/HorizontalScrollbarThumb' and RenderEffect ''. (0022E01C)
22/10/2016 14:28:16 (Std) 	Creating falagard mapping for type 'TaharezLook/LargeVerticalScrollbar' using base type 'CEGUI/Scrollbar', window renderer 'Core/Scrollbar' Look'N'Feel 'TaharezLook/LargeVerticalScrollbar' and RenderEffect ''. (0022E01C)
22/10/2016 14:28:16 (Std) 	Creating falagard mapping for type 'TaharezLook/LargeVerticalScrollbarThumb' using base type 'CEGUI/Thumb', window renderer 'Core/Button' Look'N'Feel 'TaharezLook/LargeVerticalScrollbarThumb' and RenderEffect ''. (0022E01C)
22/10/2016 14:28:16 (Std) 	Creating falagard mapping for type 'TaharezLook/TabButton' using base type 'CEGUI/TabButton', window renderer 'Core/TabButton' Look'N'Feel 'TaharezLook/TabButton' and RenderEffect ''. (0022E01C)
22/10/2016 14:28:16 (Std) 	Creating falagard mapping for type 'TaharezLook/TabControl' using base type 'CEGUI/TabControl', window renderer 'Core/TabControl' Look'N'Feel 'TaharezLook/TabControl' and RenderEffect ''. (0022E01C)
22/10/2016 14:28:16 (Std) 	Creating falagard mapping for type 'TaharezLook/TabContentPane' using base type 'DefaultWindow', window renderer 'Core/Default' Look'N'Feel 'TaharezLook/TabContentPane' and RenderEffect ''. (0022E01C)
22/10/2016 14:28:16 (Std) 	Creating falagard mapping for type 'TaharezLook/TabButtonPane' using base type 'DefaultWindow', window renderer 'Core/Default' Look'N'Feel 'TaharezLook/TabButtonPane' and RenderEffect ''. (0022E01C)
22/10/2016 14:28:16 (Std) 	Creating falagard mapping for type 'TaharezLook/ComboDropList' using base type 'CEGUI/ComboDropList', window renderer 'Core/Listbox' Look'N'Feel 'TaharezLook/ComboDropList' and RenderEffect ''. (0022E01C)
22/10/2016 14:28:16 (Std) 	Creating falagard mapping for type 'TaharezLook/ComboEditbox' using base type 'CEGUI/Editbox', window renderer 'Core/Editbox' Look'N'Feel 'TaharezLook/ComboEditbox' and RenderEffect ''. (0022E01C)
22/10/2016 14:28:16 (Std) 	Creating falagard mapping for type 'TaharezLook/Combobox' using base type 'CEGUI/Combobox', window renderer 'Core/Default' Look'N'Feel 'TaharezLook/Combobox' and RenderEffect ''. (0022E01C)
22/10/2016 14:28:16 (Std) 	Creating falagard mapping for type 'TaharezLook/Listbox' using base type 'CEGUI/Listbox', window renderer 'Core/Listbox' Look'N'Feel 'TaharezLook/Listbox' and RenderEffect ''. (0022E01C)
22/10/2016 14:28:16 (Std) 	Creating falagard mapping for type 'TaharezLook/ListHeader' using base type 'CEGUI/ListHeader', window renderer 'Core/ListHeader' Look'N'Feel 'TaharezLook/ListHeader' and RenderEffect ''. (0022E01C)
22/10/2016 14:28:16 (Std) 	Creating falagard mapping for type 'TaharezLook/ListHeaderSegment' using base type 'CEGUI/ListHeaderSegment', window renderer 'Core/ListHeaderSegment' Look'N'Feel 'TaharezLook/ListHeaderSegment' and RenderEffect ''. (0022E01C)
22/10/2016 14:28:16 (Std) 	Creating falagard mapping for type 'TaharezLook/MultiColumnList' using base type 'CEGUI/MultiColumnList', window renderer 'Core/MultiColumnList' Look'N'Feel 'TaharezLook/MultiColumnList' and RenderEffect ''. (0022E01C)
22/10/2016 14:28:16 (Std) 	Creating falagard mapping for type 'TaharezLook/Slider' using base type 'CEGUI/Slider', window renderer 'Core/Slider' Look'N'Feel 'TaharezLook/Slider' and RenderEffect ''. (0022E01C)
22/10/2016 14:28:16 (Std) 	Creating falagard mapping for type 'TaharezLook/SliderThumb' using base type 'CEGUI/Thumb', window renderer 'Core/Button' Look'N'Feel 'TaharezLook/SliderThumb' and RenderEffect ''. (0022E01C)
22/10/2016 14:28:16 (Std) 	Creating falagard mapping for type 'TaharezLook/ScrollablePane' using base type 'CEGUI/ScrollablePane', window renderer 'Core/ScrollablePane' Look'N'Feel 'TaharezLook/ScrollablePane' and RenderEffect ''. (0022E01C)
22/10/2016 14:28:16 (Std) 	Creating falagard mapping for type 'TaharezLook/Spinner' using base type 'CEGUI/Spinner', window renderer 'Core/Default' Look'N'Feel 'TaharezLook/Spinner' and RenderEffect ''. (0022E01C)
22/10/2016 14:28:16 (Std) 	Creating falagard mapping for type 'TaharezLook/Tooltip' using base type 'CEGUI/Tooltip', window renderer 'Core/Tooltip' Look'N'Feel 'TaharezLook/Tooltip' and RenderEffect ''. (0022E01C)
22/10/2016 14:28:16 (Std) 	Creating falagard mapping for type 'TaharezLook/StaticImage' using base type 'DefaultWindow', window renderer 'Core/StaticImage' Look'N'Feel 'TaharezLook/StaticImage' and RenderEffect ''. (0022E01C)
22/10/2016 14:28:16 (Std) 	Creating falagard mapping for type 'TaharezLook/StaticText' using base type 'DefaultWindow', window renderer 'Core/StaticText' Look'N'Feel 'TaharezLook/StaticText' and RenderEffect ''. (0022E01C)
22/10/2016 14:28:16 (Std) 	Creating falagard mapping for type 'TaharezLook/ItemListbox' using base type 'CEGUI/ItemListbox', window renderer 'Core/ItemListbox' Look'N'Feel 'TaharezLook/ItemListbox' and RenderEffect ''. (0022E01C)
22/10/2016 14:28:16 (Std) 	Creating falagard mapping for type 'TaharezLook/ListboxItem' using base type 'CEGUI/ItemEntry', window renderer 'Core/ItemEntry' Look'N'Feel 'TaharezLook/ListboxItem' and RenderEffect ''. (0022E01C)
22/10/2016 14:28:16 (Std) 	Creating falagard mapping for type 'TaharezLook/GroupBox' using base type 'DefaultWindow', window renderer 'Core/Default' Look'N'Feel 'TaharezLook/GroupBox' and RenderEffect ''. (0022E01C)
22/10/2016 14:28:16 (Std) 	Creating falagard mapping for type 'TaharezLook/Tree' using base type 'CEGUI/Tree', window renderer 'Core/Tree' Look'N'Feel 'TaharezLook/Tree' and RenderEffect ''. (0022E01C)
22/10/2016 14:28:16 (Std) 	[OpenGLRenderer] Created texture: _ogl_tt_tex_0
22/10/2016 14:28:16 (Std) 	[OpenGLRenderer] Created texture: DejaVuSans-10_auto_glyph_images_32
22/10/2016 14:28:17 (Std) 	[OpenGLRenderer] Destroyed texture: _ogl_tt_tex_0
22/10/2016 14:28:17 (Error)	[WindowManager] Attempt to delete Window that does not exist!  Address was: (0022F94C). WARNING: This could indicate a double-deletion issue!!
22/10/2016 14:28:17 (Error)	[WindowManager] Attempt to delete Window that does not exist!  Address was: (0022F94C). WARNING: This could indicate a double-deletion issue!!
22/10/2016 14:28:17 (Error)	[WindowManager] Attempt to delete Window that does not exist!  Address was: (0022F94C). WARNING: This could indicate a double-deletion issue!!
22/10/2016 14:28:17 (Error)	[WindowManager] Attempt to delete Window that does not exist!  Address was: (0022F94C). WARNING: This could indicate a double-deletion issue!!
22/10/2016 14:28:17 (Error)	[WindowManager] Attempt to delete Window that does not exist!  Address was: (0022F94C). WARNING: This could indicate a double-deletion issue!!
